<?xml version="1.0" encoding="UTF-8"?>
<testng-results ignored="0" total="6" passed="6" failed="0" skipped="0">
  <reporter-output>
  </reporter-output>
  <suite started-at="2026-05-25T17:06:02 IST" name="PMS Selenium Suite" finished-at="2026-05-25T17:06:33 IST" duration-ms="30324">
    <groups>
    </groups>
    <test started-at="2026-05-25T17:06:02 IST" name="Product UI Tests" finished-at="2026-05-25T17:06:33 IST" duration-ms="30324">
      <class name="com.example.selenium.AddProductTest">
        <test-method is-config="true" signature="setup()[pri:0, instance:com.example.selenium.AddProductTest@4ddced80]" started-at="2026-05-25T17:06:13 IST" name="setup" finished-at="2026-05-25T17:06:13 IST" duration-ms="813" status="PASS">
          <reporter-output>
          </reporter-output>
        </test-method> <!-- setup -->
        <test-method signature="addProductTest()[pri:0, instance:com.example.selenium.AddProductTest@4ddced80]" started-at="2026-05-25T17:06:13 IST" name="addProductTest" finished-at="2026-05-25T17:06:17 IST" duration-ms="3671" status="PASS">
          <reporter-output>
          </reporter-output>
        </test-method> <!-- addProductTest -->
        <test-method is-config="true" signature="tearDown()[pri:0, instance:com.example.selenium.AddProductTest@4ddced80]" started-at="2026-05-25T17:06:17 IST" name="tearDown" finished-at="2026-05-25T17:06:20 IST" duration-ms="3115" status="PASS">
          <reporter-output>
          </reporter-output>
        </test-method> <!-- tearDown -->
      </class> <!-- com.example.selenium.AddProductTest -->
      <class name="com.example.selenium.HomePageTest">
        <test-method is-config="true" signature="setup()[pri:0, instance:com.example.selenium.HomePageTest@318ba8c8]" started-at="2026-05-25T17:06:02 IST" name="setup" finished-at="2026-05-25T17:06:06 IST" duration-ms="3748" status="PASS">
          <reporter-output>
          </reporter-output>
        </test-method> <!-- setup -->
        <test-method signature="homePageTest()[pri:0, instance:com.example.selenium.HomePageTest@318ba8c8]" started-at="2026-05-25T17:06:06 IST" name="homePageTest" finished-at="2026-05-25T17:06:07 IST" duration-ms="367" status="PASS">
          <reporter-output>
          </reporter-output>
        </test-method> <!-- homePageTest -->
        <test-method is-config="true" signature="tearDown()[pri:0, instance:com.example.selenium.HomePageTest@318ba8c8]" started-at="2026-05-25T17:06:07 IST" name="tearDown" finished-at="2026-05-25T17:06:09 IST" duration-ms="2145" status="PASS">
          <reporter-output>
          </reporter-output>
        </test-method> <!-- tearDown -->
      </class> <!-- com.example.selenium.HomePageTest -->
      <class name="com.example.selenium.DeleteProductTest">
        <test-method is-config="true" signature="setup()[pri:0, instance:com.example.selenium.DeleteProductTest@2ea227af]" started-at="2026-05-25T17:06:29 IST" name="setup" finished-at="2026-05-25T17:06:30 IST" duration-ms="765" status="PASS">
          <reporter-output>
          </reporter-output>
        </test-method> <!-- setup -->
        <test-method signature="deleteViewedProductTest()[pri:0, instance:com.example.selenium.DeleteProductTest@2ea227af]" started-at="2026-05-25T17:06:30 IST" name="deleteViewedProductTest" finished-at="2026-05-25T17:06:31 IST" duration-ms="861" status="PASS">
          <reporter-output>
          </reporter-output>
        </test-method> <!-- deleteViewedProductTest -->
        <test-method is-config="true" signature="tearDown()[pri:0, instance:com.example.selenium.DeleteProductTest@2ea227af]" started-at="2026-05-25T17:06:31 IST" name="tearDown" finished-at="2026-05-25T17:06:33 IST" duration-ms="2112" status="PASS">
          <reporter-output>
          </reporter-output>
        </test-method> <!-- tearDown -->
      </class> <!-- com.example.selenium.DeleteProductTest -->
      <class name="com.example.selenium.EditProductTest">
        <test-method is-config="true" signature="setup()[pri:0, instance:com.example.selenium.EditProductTest@1534f01b]" started-at="2026-05-25T17:06:20 IST" name="setup" finished-at="2026-05-25T17:06:21 IST" duration-ms="1233" status="PASS">
          <reporter-output>
          </reporter-output>
        </test-method> <!-- setup -->
        <test-method signature="editProductTest()[pri:0, instance:com.example.selenium.EditProductTest@1534f01b]" started-at="2026-05-25T17:06:21 IST" name="editProductTest" finished-at="2026-05-25T17:06:23 IST" duration-ms="1168" status="PASS">
          <reporter-output>
          </reporter-output>
        </test-method> <!-- editProductTest -->
        <test-method is-config="true" signature="tearDown()[pri:0, instance:com.example.selenium.EditProductTest@1534f01b]" started-at="2026-05-25T17:06:23 IST" name="tearDown" finished-at="2026-05-25T17:06:26 IST" duration-ms="3136" status="PASS">
          <reporter-output>
          </reporter-output>
        </test-method> <!-- tearDown -->
      </class> <!-- com.example.selenium.EditProductTest -->
      <class name="com.example.selenium.StatsPageTest">
        <test-method is-config="true" signature="setup()[pri:0, instance:com.example.selenium.StatsPageTest@65466a6a]" started-at="2026-05-25T17:06:09 IST" name="setup" finished-at="2026-05-25T17:06:10 IST" duration-ms="954" status="PASS">
          <reporter-output>
          </reporter-output>
        </test-method> <!-- setup -->
        <test-method signature="statsPageTest()[pri:0, instance:com.example.selenium.StatsPageTest@65466a6a]" started-at="2026-05-25T17:06:10 IST" name="statsPageTest" finished-at="2026-05-25T17:06:10 IST" duration-ms="781" status="PASS">
          <reporter-output>
          </reporter-output>
        </test-method> <!-- statsPageTest -->
        <test-method is-config="true" signature="tearDown()[pri:0, instance:com.example.selenium.StatsPageTest@65466a6a]" started-at="2026-05-25T17:06:10 IST" name="tearDown" finished-at="2026-05-25T17:06:13 IST" duration-ms="2128" status="PASS">
          <reporter-output>
          </reporter-output>
        </test-method> <!-- tearDown -->
      </class> <!-- com.example.selenium.StatsPageTest -->
      <class name="com.example.selenium.ViewProductTest">
        <test-method is-config="true" signature="setup()[pri:0, instance:com.example.selenium.ViewProductTest@78e117e3]" started-at="2026-05-25T17:06:26 IST" name="setup" finished-at="2026-05-25T17:06:27 IST" duration-ms="858" status="PASS">
          <reporter-output>
          </reporter-output>
        </test-method> <!-- setup -->
        <test-method signature="viewEditedProductTest()[pri:0, instance:com.example.selenium.ViewProductTest@78e117e3]" started-at="2026-05-25T17:06:27 IST" name="viewEditedProductTest" finished-at="2026-05-25T17:06:27 IST" duration-ms="287" status="PASS">
          <reporter-output>
          </reporter-output>
        </test-method> <!-- viewEditedProductTest -->
        <test-method is-config="true" signature="tearDown()[pri:0, instance:com.example.selenium.ViewProductTest@78e117e3]" started-at="2026-05-25T17:06:27 IST" name="tearDown" finished-at="2026-05-25T17:06:29 IST" duration-ms="2147" status="PASS">
          <reporter-output>
          </reporter-output>
        </test-method> <!-- tearDown -->
      </class> <!-- com.example.selenium.ViewProductTest -->
    </test> <!-- Product UI Tests -->
  </suite> <!-- PMS Selenium Suite -->
</testng-results>
