<?xml version="1.0" encoding="UTF-8"?>
<!-- Generated by org.testng.reporters.JUnitXMLReporter -->
<testsuite ignored="0" hostname="Lakshyas-MacBook-Air.local" failures="0" tests="6" name="Product UI Tests" time="30.324" errors="0" timestamp="2026-05-25T17:06:33 IST">
  <testcase classname="com.example.selenium.HomePageTest" name="homePageTest" time="0.367"/>
  <testcase classname="com.example.selenium.StatsPageTest" name="statsPageTest" time="0.781"/>
  <testcase classname="com.example.selenium.AddProductTest" name="addProductTest" time="3.671"/>
  <testcase classname="com.example.selenium.EditProductTest" name="editProductTest" time="1.168"/>
  <testcase classname="com.example.selenium.ViewProductTest" name="viewEditedProductTest" time="0.287"/>
  <testcase classname="com.example.selenium.DeleteProductTest" name="deleteViewedProductTest" time="0.861"/>
</testsuite> <!-- Product UI Tests -->
